This file contains any messages produced by compilers while
running configure, to aid debugging if configure makes a mistake.

It was created by tslib configure 1.21, which was
generated by GNU Autoconf 2.69.  Invocation command line was

  $ ./configure --host=arm-buildroot-linux-gnueabihf prefix=/

## --------- ##
## Platform. ##
## --------- ##

hostname = yc-virtual-machine
uname -m = x86_64
uname -r = 5.15.0-131-generic
uname -s = Linux
uname -v = #141~20.04.1-Ubuntu SMP Thu Jan 16 18:38:51 UTC 2025

/usr/bin/uname -p = x86_64
/bin/uname -X     = unknown

/bin/arch              = x86_64
/usr/bin/arch -k       = unknown
/usr/convex/getsysinfo = unknown
/usr/bin/hostinfo      = unknown
/bin/machine           = unknown
/usr/bin/oslevel       = unknown
/bin/universe          = unknown

PATH: /usr/local/sbin
PATH: /usr/local/bin
PATH: /usr/sbin
PATH: /usr/bin
PATH: /sbin
PATH: /bin
PATH: /usr/games
PATH: /usr/local/games
PATH: /snap/bin
PATH: /home/book/100ask_imx6ull-sdk/ToolChain/arm-buildroot-linux-gnueabihf_sdk-buildroot/bin
PATH: /home/book/100ask_imx6ull-sdk/ToolChain/arm-buildroot-linux-gnueabihf_sdk-buildroot/bin


## ----------- ##
## Core tests. ##
## ----------- ##

configure:2629: checking for a BSD-compatible install
configure:2697: result: /usr/bin/install -c
configure:2708: checking whether build environment is sane
configure:2763: result: yes
configure:2820: checking for arm-buildroot-linux-gnueabihf-strip
configure:2836: found /home/book/100ask_imx6ull-sdk/ToolChain/arm-buildroot-linux-gnueabihf_sdk-buildroot/bin/arm-buildroot-linux-gnueabihf-strip
configure:2847: result: arm-buildroot-linux-gnueabihf-strip
configure:2912: checking for a thread-safe mkdir -p
configure:2951: result: /usr/bin/mkdir -p
configure:2958: checking for gawk
configure:2974: found /home/book/100ask_imx6ull-sdk/ToolChain/arm-buildroot-linux-gnueabihf_sdk-buildroot/bin/gawk
configure:2985: result: gawk
configure:2996: checking whether make sets $(MAKE)
configure:3018: result: yes
configure:3047: checking whether make supports nested variables
configure:3064: result: yes
configure:3201: checking whether make supports nested variables
configure:3218: result: yes
configure:3253: checking build system type
configure:3267: result: x86_64-pc-linux-gnu
configure:3287: checking host system type
configure:3300: result: arm-buildroot-linux-gnueabihf
configure:3396: checking for arm-buildroot-linux-gnueabihf-gcc
configure:3412: found /home/book/100ask_imx6ull-sdk/ToolChain/arm-buildroot-linux-gnueabihf_sdk-buildroot/bin/arm-buildroot-linux-gnueabihf-gcc
configure:3423: result: arm-buildroot-linux-gnueabihf-gcc
configure:3692: checking for C compiler version
configure:3701: arm-buildroot-linux-gnueabihf-gcc --version >&5
arm-buildroot-linux-gnueabihf-gcc.br_real (Buildroot 2020.02-gee85cab) 7.5.0
Copyright (C) 2017 Free Software Foundation, Inc.
This is free software; see the source for copying conditions.  There is NO
warranty; not even for MERCHANTABILITY or FITNESS FOR A PARTICULAR PURPOSE.

configure:3712: $? = 0
configure:3701: arm-buildroot-linux-gnueabihf-gcc -v >&5
Using built-in specs.
COLLECT_GCC=/home/book/100ask_imx6ull-sdk/ToolChain/arm-buildroot-linux-gnueabihf_sdk-buildroot/bin/arm-buildroot-linux-gnueabihf-gcc.br_real
COLLECT_LTO_WRAPPER=/home/book/100ask_imx6ull-sdk/ToolChain/arm-buildroot-linux-gnueabihf_sdk-buildroot/bin/../libexec/gcc/arm-buildroot-linux-gnueabihf/7.5.0/lto-wrapper
Target: arm-buildroot-linux-gnueabihf
Configured with: ./configure --prefix=/home/book/100ask_imx6ull-sdk/Buildroot_2020.02.x/output/host --sysconfdir=/home/book/100ask_imx6ull-sdk/Buildroot_2020.02.x/output/host/etc --enable-static --target=arm-buildroot-linux-gnueabihf --with-sysroot=/home/book/100ask_imx6ull-sdk/Buildroot_2020.02.x/output/host/arm-buildroot-linux-gnueabihf/sysroot --enable-__cxa_atexit --with-gnu-ld --disable-libssp --disable-multilib --disable-decimal-float --with-gmp=/home/book/100ask_imx6ull-sdk/Buildroot_2020.02.x/output/host --with-mpc=/home/book/100ask_imx6ull-sdk/Buildroot_2020.02.x/output/host --with-mpfr=/home/book/100ask_imx6ull-sdk/Buildroot_2020.02.x/output/host --with-pkgversion='Buildroot 2020.02-gee85cab' --with-bugurl=http://bugs.buildroot.net/ --disable-libquadmath --enable-tls --enable-plugins --enable-lto --enable-threads --with-isl=/home/book/100ask_imx6ull-sdk/Buildroot_2020.02.x/output/host --with-abi=aapcs-linux --with-cpu=cortex-a7 --with-fpu=neon-vfpv4 --with-float=hard --with-mode=arm --enable-languages=c,c++,fortran --with-build-time-tools=/home/book/100ask_imx6ull-sdk/Buildroot_2020.02.x/output/host/arm-buildroot-linux-gnueabihf/bin --enable-shared --enable-libgomp
Thread model: posix
gcc version 7.5.0 (Buildroot 2020.02-gee85cab) 
configure:3712: $? = 0
configure:3701: arm-buildroot-linux-gnueabihf-gcc -V >&5
arm-buildroot-linux-gnueabihf-gcc.br_real: error: unrecognized command line option '-V'
arm-buildroot-linux-gnueabihf-gcc.br_real: fatal error: no input files
compilation terminated.
configure:3712: $? = 1
configure:3701: arm-buildroot-linux-gnueabihf-gcc -qversion >&5
arm-buildroot-linux-gnueabihf-gcc.br_real: error: unrecognized command line option '-qversion'; did you mean '--version'?
arm-buildroot-linux-gnueabihf-gcc.br_real: fatal error: no input files
compilation terminated.
configure:3712: $? = 1
configure:3732: checking whether the C compiler works
configure:3754: arm-buildroot-linux-gnueabihf-gcc -O2 -Wall -W -fPIC   conftest.c  >&5
configure:3758: $? = 0
configure:3806: result: yes
configure:3809: checking for C compiler default output file name
configure:3811: result: a.out
configure:3817: checking for suffix of executables
configure:3824: arm-buildroot-linux-gnueabihf-gcc -o conftest -O2 -Wall -W -fPIC   conftest.c  >&5
configure:3828: $? = 0
configure:3850: result: 
configure:3872: checking whether we are cross compiling
configure:3880: arm-buildroot-linux-gnueabihf-gcc -o conftest -O2 -Wall -W -fPIC   conftest.c  >&5
configure:3884: $? = 0
configure:3891: ./conftest
./configure: line 3893: ./conftest: cannot execute binary file: Exec format error
configure:3895: $? = 126
configure:3883: result: yes
configure:3888: checking for suffix of object files
configure:3910: arm-buildroot-linux-gnueabihf-gcc -c -O2 -Wall -W -fPIC  conftest.c >&5
configure:3914: $? = 0
configure:3935: result: o
configure:3939: checking whether we are using the GNU C compiler
configure:3958: arm-buildroot-linux-gnueabihf-gcc -c -O2 -Wall -W -fPIC  conftest.c >&5
configure:3958: $? = 0
configure:3967: result: yes
configure:3976: checking whether arm-buildroot-linux-gnueabihf-gcc accepts -g
configure:3996: arm-buildroot-linux-gnueabihf-gcc -c -g  conftest.c >&5
configure:3996: $? = 0
configure:4037: result: yes
configure:4054: checking for arm-buildroot-linux-gnueabihf-gcc option to accept ISO C89
configure:4117: arm-buildroot-linux-gnueabihf-gcc  -c -O2 -Wall -W -fPIC  conftest.c >&5
configure:4117: $? = 0
configure:4130: result: none needed
configure:4155: checking whether arm-buildroot-linux-gnueabihf-gcc understands -c and -o together
configure:4177: arm-buildroot-linux-gnueabihf-gcc -c conftest.c -o conftest2.o
configure:4180: $? = 0
configure:4177: arm-buildroot-linux-gnueabihf-gcc -c conftest.c -o conftest2.o
configure:4180: $? = 0
configure:4192: result: yes
configure:4220: checking for style of include used by make
configure:4248: result: GNU
configure:4274: checking dependency style of arm-buildroot-linux-gnueabihf-gcc
configure:4385: result: none
configure:4405: checking how to run the C preprocessor
configure:4436: arm-buildroot-linux-gnueabihf-gcc -E  conftest.c
configure:4436: $? = 0
configure:4450: arm-buildroot-linux-gnueabihf-gcc -E  conftest.c
conftest.c:11:10: fatal error: ac_nonexistent.h: No such file or directory
 #include <ac_nonexistent.h>
          ^~~~~~~~~~~~~~~~~~
compilation terminated.
configure:4450: $? = 1
configure: failed program was:
| /* confdefs.h */
| #define PACKAGE_NAME "tslib"
| #define PACKAGE_TARNAME "tslib"
| #define PACKAGE_VERSION "1.21"
| #define PACKAGE_STRING "tslib 1.21"
| #define PACKAGE_BUGREPORT "tslib@lists.infradead.org"
| #define PACKAGE_URL "http://tslib.org"
| #define PACKAGE "tslib"
| #define VERSION "1.21"
| /* end confdefs.h.  */
| #include <ac_nonexistent.h>
configure:4475: result: arm-buildroot-linux-gnueabihf-gcc -E
configure:4495: arm-buildroot-linux-gnueabihf-gcc -E  conftest.c
configure:4495: $? = 0
configure:4509: arm-buildroot-linux-gnueabihf-gcc -E  conftest.c
conftest.c:11:10: fatal error: ac_nonexistent.h: No such file or directory
 #include <ac_nonexistent.h>
          ^~~~~~~~~~~~~~~~~~
compilation terminated.
configure:4509: $? = 1
configure: failed program was:
| /* confdefs.h */
| #define PACKAGE_NAME "tslib"
| #define PACKAGE_TARNAME "tslib"
| #define PACKAGE_VERSION "1.21"
| #define PACKAGE_STRING "tslib 1.21"
| #define PACKAGE_BUGREPORT "tslib@lists.infradead.org"
| #define PACKAGE_URL "http://tslib.org"
| #define PACKAGE "tslib"
| #define VERSION "1.21"
| /* end confdefs.h.  */
| #include <ac_nonexistent.h>
configure:4541: checking whether the C compiler supports -fvisibility=hidden
configure:4558: arm-buildroot-linux-gnueabihf-gcc -c -fvisibility=hidden -O2 -Wall -W -fPIC  conftest.c >&5
configure:4558: $? = 0
configure:4566: result: yes
configure:4574: checking whether to use -fvisibility=hidden
configure:4587: result: yes
configure:4597: checking whether ln -s works
configure:4601: result: yes
configure:4608: checking whether make sets $(MAKE)
configure:4630: result: yes
configure:4751: checking how to print strings
configure:4778: result: printf
configure:4799: checking for a sed that does not truncate output
configure:4863: result: /usr/bin/sed
configure:4881: checking for grep that handles long lines and -e
configure:4939: result: /usr/bin/grep
configure:4944: checking for egrep
configure:5006: result: /usr/bin/grep -E
configure:5011: checking for fgrep
configure:5073: result: /usr/bin/grep -F
configure:5108: checking for ld used by arm-buildroot-linux-gnueabihf-gcc
configure:5175: result: /home/book/100ask_imx6ull-sdk/ToolChain/arm-buildroot-linux-gnueabihf_sdk-buildroot/arm-buildroot-linux-gnueabihf/bin/ld
configure:5182: checking if the linker (/home/book/100ask_imx6ull-sdk/ToolChain/arm-buildroot-linux-gnueabihf_sdk-buildroot/arm-buildroot-linux-gnueabihf/bin/ld) is GNU ld
configure:5197: result: yes
configure:5209: checking for BSD- or MS-compatible name lister (nm)
configure:5263: result: /home/book/100ask_imx6ull-sdk/ToolChain/arm-buildroot-linux-gnueabihf_sdk-buildroot/bin/arm-buildroot-linux-gnueabihf-nm -B
configure:5393: checking the name lister (/home/book/100ask_imx6ull-sdk/ToolChain/arm-buildroot-linux-gnueabihf_sdk-buildroot/bin/arm-buildroot-linux-gnueabihf-nm -B) interface
configure:5400: arm-buildroot-linux-gnueabihf-gcc -c -DGCC_HASCLASSVISIBILITY -O2 -Wall -W -fPIC  conftest.c >&5
configure:5403: /home/book/100ask_imx6ull-sdk/ToolChain/arm-buildroot-linux-gnueabihf_sdk-buildroot/bin/arm-buildroot-linux-gnueabihf-nm -B "conftest.o"
configure:5406: output
00000000 B some_variable
configure:5407: result: BSD nm
configure:5411: checking the maximum length of command line arguments
configure:5542: result: 1572864
configure:5590: checking how to convert x86_64-pc-linux-gnu file names to arm-buildroot-linux-gnueabihf format
configure:5630: result: func_convert_file_noop
configure:5637: checking how to convert x86_64-pc-linux-gnu file names to toolchain format
configure:5657: result: func_convert_file_noop
configure:5664: checking for /home/book/100ask_imx6ull-sdk/ToolChain/arm-buildroot-linux-gnueabihf_sdk-buildroot/arm-buildroot-linux-gnueabihf/bin/ld option to reload object files
configure:5671: result: -r
configure:5705: checking for arm-buildroot-linux-gnueabihf-objdump
configure:5721: found /home/book/100ask_imx6ull-sdk/ToolChain/arm-buildroot-linux-gnueabihf_sdk-buildroot/bin/arm-buildroot-linux-gnueabihf-objdump
configure:5732: result: arm-buildroot-linux-gnueabihf-objdump
configure:5804: checking how to recognize dependent libraries
configure:6004: result: pass_all
configure:6049: checking for arm-buildroot-linux-gnueabihf-dlltool
configure:6079: result: no
configure:6089: checking for dlltool
configure:6119: result: no
configure:6149: checking how to associate runtime and link libraries
configure:6176: result: printf %s\n
configure:6192: checking for arm-buildroot-linux-gnueabihf-ar
configure:6208: found /home/book/100ask_imx6ull-sdk/ToolChain/arm-buildroot-linux-gnueabihf_sdk-buildroot/bin/arm-buildroot-linux-gnueabihf-ar
configure:6219: result: arm-buildroot-linux-gnueabihf-ar
configure:6300: checking for archiver @FILE support
configure:6317: arm-buildroot-linux-gnueabihf-gcc -c -DGCC_HASCLASSVISIBILITY -O2 -Wall -W -fPIC  conftest.c >&5
configure:6317: $? = 0
configure:6320: arm-buildroot-linux-gnueabihf-ar cru libconftest.a @conftest.lst >&5
configure:6323: $? = 0
configure:6328: arm-buildroot-linux-gnueabihf-ar cru libconftest.a @conftest.lst >&5
arm-buildroot-linux-gnueabihf-ar: conftest.o: No such file or directory
configure:6331: $? = 1
configure:6330: result: @
configure:6348: checking for arm-buildroot-linux-gnueabihf-strip
configure:6375: result: arm-buildroot-linux-gnueabihf-strip
configure:6447: checking for arm-buildroot-linux-gnueabihf-ranlib
configure:6463: found /home/book/100ask_imx6ull-sdk/ToolChain/arm-buildroot-linux-gnueabihf_sdk-buildroot/bin/arm-buildroot-linux-gnueabihf-ranlib
configure:6474: result: arm-buildroot-linux-gnueabihf-ranlib
configure:6616: checking command to parse /home/book/100ask_imx6ull-sdk/ToolChain/arm-buildroot-linux-gnueabihf_sdk-buildroot/bin/arm-buildroot-linux-gnueabihf-nm -B output from arm-buildroot-linux-gnueabihf-gcc object
configure:6769: arm-buildroot-linux-gnueabihf-gcc -c -DGCC_HASCLASSVISIBILITY -O2 -Wall -W -fPIC  conftest.c >&5
configure:6772: $? = 0
configure:6776: /home/book/100ask_imx6ull-sdk/ToolChain/arm-buildroot-linux-gnueabihf_sdk-buildroot/bin/arm-buildroot-linux-gnueabihf-nm -B conftest.o \| sed -n -e 's/^.*[ ]\([ABCDGIRSTW][ABCDGIRSTW]*\)[ ][ ]*\([_A-Za-z][_A-Za-z0-9]*\)$/\1 \2 \2/p' | sed '/ __gnu_lto/d' \> conftest.nm
configure:6779: $? = 0
configure:6845: arm-buildroot-linux-gnueabihf-gcc -o conftest -DGCC_HASCLASSVISIBILITY -O2 -Wall -W -fPIC   conftest.c conftstm.o >&5
configure:6848: $? = 0
configure:6886: result: ok
configure:6933: checking for sysroot
configure:6963: result: no
configure:6970: checking for a working dd
configure:7008: result: /usr/bin/dd
configure:7012: checking how to truncate binary pipes
configure:7027: result: /usr/bin/dd bs=4096 count=1
configure:7316: checking for arm-buildroot-linux-gnueabihf-mt
configure:7346: result: no
configure:7356: checking for mt
configure:7372: found /usr/bin/mt
configure:7383: result: mt
configure:7395: WARNING: using cross tools not prefixed with host triplet
configure:7406: checking if mt is a manifest tool
configure:7412: mt '-?'
configure:7420: result: no
configure:8093: checking for ANSI C header files
configure:8113: arm-buildroot-linux-gnueabihf-gcc -c -DGCC_HASCLASSVISIBILITY -O2 -Wall -W -fPIC  conftest.c >&5
configure:8113: $? = 0
configure:8197: result: yes
configure:8210: checking for sys/types.h
configure:8210: arm-buildroot-linux-gnueabihf-gcc -c -DGCC_HASCLASSVISIBILITY -O2 -Wall -W -fPIC  conftest.c >&5
configure:8210: $? = 0
configure:8210: result: yes
configure:8210: checking for sys/stat.h
configure:8210: arm-buildroot-linux-gnueabihf-gcc -c -DGCC_HASCLASSVISIBILITY -O2 -Wall -W -fPIC  conftest.c >&5
configure:8210: $? = 0
configure:8210: result: yes
configure:8210: checking for stdlib.h
configure:8210: arm-buildroot-linux-gnueabihf-gcc -c -DGCC_HASCLASSVISIBILITY -O2 -Wall -W -fPIC  conftest.c >&5
configure:8210: $? = 0
configure:8210: result: yes
configure:8210: checking for string.h
configure:8210: arm-buildroot-linux-gnueabihf-gcc -c -DGCC_HASCLASSVISIBILITY -O2 -Wall -W -fPIC  conftest.c >&5
configure:8210: $? = 0
configure:8210: result: yes
configure:8210: checking for memory.h
configure:8210: arm-buildroot-linux-gnueabihf-gcc -c -DGCC_HASCLASSVISIBILITY -O2 -Wall -W -fPIC  conftest.c >&5
configure:8210: $? = 0
configure:8210: result: yes
configure:8210: checking for strings.h
configure:8210: arm-buildroot-linux-gnueabihf-gcc -c -DGCC_HASCLASSVISIBILITY -O2 -Wall -W -fPIC  conftest.c >&5
configure:8210: $? = 0
configure:8210: result: yes
configure:8210: checking for inttypes.h
configure:8210: arm-buildroot-linux-gnueabihf-gcc -c -DGCC_HASCLASSVISIBILITY -O2 -Wall -W -fPIC  conftest.c >&5
configure:8210: $? = 0
configure:8210: result: yes
configure:8210: checking for stdint.h
configure:8210: arm-buildroot-linux-gnueabihf-gcc -c -DGCC_HASCLASSVISIBILITY -O2 -Wall -W -fPIC  conftest.c >&5
configure:8210: $? = 0
configure:8210: result: yes
configure:8210: checking for unistd.h
configure:8210: arm-buildroot-linux-gnueabihf-gcc -c -DGCC_HASCLASSVISIBILITY -O2 -Wall -W -fPIC  conftest.c >&5
configure:8210: $? = 0
configure:8210: result: yes
configure:8224: checking for dlfcn.h
configure:8224: arm-buildroot-linux-gnueabihf-gcc -c -DGCC_HASCLASSVISIBILITY -O2 -Wall -W -fPIC  conftest.c >&5
configure:8224: $? = 0
configure:8224: result: yes
configure:8418: checking for objdir
configure:8433: result: .libs
configure:8697: checking if arm-buildroot-linux-gnueabihf-gcc supports -fno-rtti -fno-exceptions
configure:8715: arm-buildroot-linux-gnueabihf-gcc -c -DGCC_HASCLASSVISIBILITY -O2 -Wall -W -fPIC  -fno-rtti -fno-exceptions conftest.c >&5
cc1: warning: command line option '-fno-rtti' is valid for C++/ObjC++ but not for C
configure:8719: $? = 0
configure:8732: result: no
configure:9090: checking for arm-buildroot-linux-gnueabihf-gcc option to produce PIC
configure:9097: result: -fPIC -DPIC
configure:9105: checking if arm-buildroot-linux-gnueabihf-gcc PIC flag -fPIC -DPIC works
configure:9123: arm-buildroot-linux-gnueabihf-gcc -c -DGCC_HASCLASSVISIBILITY -O2 -Wall -W -fPIC  -fPIC -DPIC -DPIC conftest.c >&5
configure:9127: $? = 0
configure:9140: result: yes
configure:9169: checking if arm-buildroot-linux-gnueabihf-gcc static flag -static works
configure:9197: result: yes
configure:9212: checking if arm-buildroot-linux-gnueabihf-gcc supports -c -o file.o
configure:9233: arm-buildroot-linux-gnueabihf-gcc -c -DGCC_HASCLASSVISIBILITY -O2 -Wall -W -fPIC  -o out/conftest2.o conftest.c >&5
configure:9237: $? = 0
configure:9259: result: yes
configure:9267: checking if arm-buildroot-linux-gnueabihf-gcc supports -c -o file.o
configure:9314: result: yes
configure:9347: checking whether the arm-buildroot-linux-gnueabihf-gcc linker (/home/book/100ask_imx6ull-sdk/ToolChain/arm-buildroot-linux-gnueabihf_sdk-buildroot/arm-buildroot-linux-gnueabihf/bin/ld) supports shared libraries
configure:10610: result: yes
configure:10647: checking whether -lc should be explicitly linked in
configure:10655: arm-buildroot-linux-gnueabihf-gcc -c -DGCC_HASCLASSVISIBILITY -O2 -Wall -W -fPIC  conftest.c >&5
configure:10658: $? = 0
configure:10673: arm-buildroot-linux-gnueabihf-gcc -shared  -fPIC -DPIC conftest.o  -v -Wl,-soname -Wl,conftest -o conftest 2\>\&1 \| /usr/bin/grep  -lc  \>/dev/null 2\>\&1
configure:10676: $? = 0
configure:10690: result: no
configure:10850: checking dynamic linker characteristics
configure:11431: arm-buildroot-linux-gnueabihf-gcc -o conftest -DGCC_HASCLASSVISIBILITY -O2 -Wall -W -fPIC   -Wl,-rpath -Wl,/foo conftest.c  >&5
configure:11431: $? = 0
configure:11680: result: GNU/Linux ld.so
configure:11802: checking how to hardcode library paths into programs
configure:11827: result: immediate
configure:11929: checking for shl_load
configure:11929: arm-buildroot-linux-gnueabihf-gcc -o conftest -DGCC_HASCLASSVISIBILITY -O2 -Wall -W -fPIC   conftest.c  >&5
/home/book/100ask_imx6ull-sdk/ToolChain/arm-buildroot-linux-gnueabihf_sdk-buildroot/bin/../lib/gcc/arm-buildroot-linux-gnueabihf/7.5.0/../../../../arm-buildroot-linux-gnueabihf/bin/ld: /tmp/ccX2eQh7.o: in function `main':
conftest.c:(.text.startup+0x4): undefined reference to `shl_load'
collect2: error: ld returned 1 exit status
configure:11929: $? = 1
configure: failed program was:
| /* confdefs.h */
| #define PACKAGE_NAME "tslib"
| #define PACKAGE_TARNAME "tslib"
| #define PACKAGE_VERSION "1.21"
| #define PACKAGE_STRING "tslib 1.21"
| #define PACKAGE_BUGREPORT "tslib@lists.infradead.org"
| #define PACKAGE_URL "http://tslib.org"
| #define PACKAGE "tslib"
| #define VERSION "1.21"
| #define STDC_HEADERS 1
| #define HAVE_SYS_TYPES_H 1
| #define HAVE_SYS_STAT_H 1
| #define HAVE_STDLIB_H 1
| #define HAVE_STRING_H 1
| #define HAVE_MEMORY_H 1
| #define HAVE_STRINGS_H 1
| #define HAVE_INTTYPES_H 1
| #define HAVE_STDINT_H 1
| #define HAVE_UNISTD_H 1
| #define HAVE_DLFCN_H 1
| #define LT_OBJDIR ".libs/"
| /* end confdefs.h.  */
| /* Define shl_load to an innocuous variant, in case <limits.h> declares shl_load.
|    For example, HP-UX 11i <limits.h> declares gettimeofday.  */
| #define shl_load innocuous_shl_load
| 
| /* System header to define __stub macros and hopefully few prototypes,
|     which can conflict with char shl_load (); below.
|     Prefer <limits.h> to <assert.h> if __STDC__ is defined, since
|     <limits.h> exists even on freestanding compilers.  */
| 
| #ifdef __STDC__
| # include <limits.h>
| #else
| # include <assert.h>
| #endif
| 
| #undef shl_load
| 
| /* Override any GCC internal prototype to avoid an error.
|    Use char because int might match the return type of a GCC
|    builtin and then its argument prototype would still apply.  */
| #ifdef __cplusplus
| extern "C"
| #endif
| char shl_load ();
| /* The GNU C library defines this for functions which it implements
|     to always fail with ENOSYS.  Some functions are actually named
|     something starting with __ and the normal name is an alias.  */
| #if defined __stub_shl_load || defined __stub___shl_load
| choke me
| #endif
| 
| int
| main ()
| {
| return shl_load ();
|   ;
|   return 0;
| }
configure:11929: result: no
configure:11933: checking for shl_load in -ldld
configure:11958: arm-buildroot-linux-gnueabihf-gcc -o conftest -DGCC_HASCLASSVISIBILITY -O2 -Wall -W -fPIC   conftest.c -ldld   >&5
/home/book/100ask_imx6ull-sdk/ToolChain/arm-buildroot-linux-gnueabihf_sdk-buildroot/bin/../lib/gcc/arm-buildroot-linux-gnueabihf/7.5.0/../../../../arm-buildroot-linux-gnueabihf/bin/ld: cannot find -ldld
collect2: error: ld returned 1 exit status
configure:11958: $? = 1
configure: failed program was:
| /* confdefs.h */
| #define PACKAGE_NAME "tslib"
| #define PACKAGE_TARNAME "tslib"
| #define PACKAGE_VERSION "1.21"
| #define PACKAGE_STRING "tslib 1.21"
| #define PACKAGE_BUGREPORT "tslib@lists.infradead.org"
| #define PACKAGE_URL "http://tslib.org"
| #define PACKAGE "tslib"
| #define VERSION "1.21"
| #define STDC_HEADERS 1
| #define HAVE_SYS_TYPES_H 1
| #define HAVE_SYS_STAT_H 1
| #define HAVE_STDLIB_H 1
| #define HAVE_STRING_H 1
| #define HAVE_MEMORY_H 1
| #define HAVE_STRINGS_H 1
| #define HAVE_INTTYPES_H 1
| #define HAVE_STDINT_H 1
| #define HAVE_UNISTD_H 1
| #define HAVE_DLFCN_H 1
| #define LT_OBJDIR ".libs/"
| /* end confdefs.h.  */
| 
| /* Override any GCC internal prototype to avoid an error.
|    Use char because int might match the return type of a GCC
|    builtin and then its argument prototype would still apply.  */
| #ifdef __cplusplus
| extern "C"
| #endif
| char shl_load ();
| int
| main ()
| {
| return shl_load ();
|   ;
|   return 0;
| }
configure:11967: result: no
configure:11972: checking for dlopen
configure:11972: arm-buildroot-linux-gnueabihf-gcc -o conftest -DGCC_HASCLASSVISIBILITY -O2 -Wall -W -fPIC   conftest.c  >&5
/home/book/100ask_imx6ull-sdk/ToolChain/arm-buildroot-linux-gnueabihf_sdk-buildroot/bin/../lib/gcc/arm-buildroot-linux-gnueabihf/7.5.0/../../../../arm-buildroot-linux-gnueabihf/bin/ld: /tmp/cc8kCnWg.o: in function `main':
conftest.c:(.text.startup+0x4): undefined reference to `dlopen'
collect2: error: ld returned 1 exit status
configure:11972: $? = 1
configure: failed program was:
| /* confdefs.h */
| #define PACKAGE_NAME "tslib"
| #define PACKAGE_TARNAME "tslib"
| #define PACKAGE_VERSION "1.21"
| #define PACKAGE_STRING "tslib 1.21"
| #define PACKAGE_BUGREPORT "tslib@lists.infradead.org"
| #define PACKAGE_URL "http://tslib.org"
| #define PACKAGE "tslib"
| #define VERSION "1.21"
| #define STDC_HEADERS 1
| #define HAVE_SYS_TYPES_H 1
| #define HAVE_SYS_STAT_H 1
| #define HAVE_STDLIB_H 1
| #define HAVE_STRING_H 1
| #define HAVE_MEMORY_H 1
| #define HAVE_STRINGS_H 1
| #define HAVE_INTTYPES_H 1
| #define HAVE_STDINT_H 1
| #define HAVE_UNISTD_H 1
| #define HAVE_DLFCN_H 1
| #define LT_OBJDIR ".libs/"
| /* end confdefs.h.  */
| /* Define dlopen to an innocuous variant, in case <limits.h> declares dlopen.
|    For example, HP-UX 11i <limits.h> declares gettimeofday.  */
| #define dlopen innocuous_dlopen
| 
| /* System header to define __stub macros and hopefully few prototypes,
|     which can conflict with char dlopen (); below.
|     Prefer <limits.h> to <assert.h> if __STDC__ is defined, since
|     <limits.h> exists even on freestanding compilers.  */
| 
| #ifdef __STDC__
| # include <limits.h>
| #else
| # include <assert.h>
| #endif
| 
| #undef dlopen
| 
| /* Override any GCC internal prototype to avoid an error.
|    Use char because int might match the return type of a GCC
|    builtin and then its argument prototype would still apply.  */
| #ifdef __cplusplus
| extern "C"
| #endif
| char dlopen ();
| /* The GNU C library defines this for functions which it implements
|     to always fail with ENOSYS.  Some functions are actually named
|     something starting with __ and the normal name is an alias.  */
| #if defined __stub_dlopen || defined __stub___dlopen
| choke me
| #endif
| 
| int
| main ()
| {
| return dlopen ();
|   ;
|   return 0;
| }
configure:11972: result: no
configure:11976: checking for dlopen in -ldl
configure:12001: arm-buildroot-linux-gnueabihf-gcc -o conftest -DGCC_HASCLASSVISIBILITY -O2 -Wall -W -fPIC   conftest.c -ldl   >&5
configure:12001: $? = 0
configure:12010: result: yes
configure:12129: checking whether a program can dlopen itself
configure:12230: result: cross
configure:12375: checking whether stripping libraries is possible
configure:12380: result: yes
configure:12415: checking if libtool supports shared libraries
configure:12417: result: yes
configure:12420: checking whether to build shared libraries
configure:12445: result: yes
configure:12448: checking whether to build static libraries
configure:12452: result: no
configure:9267: checking for dlopen in -ldl
configure:9301: result: yes
configure:9314: checking for size_t
configure:9314: arm-buildroot-linux-gnueabihf-gcc -c -DGCC_HASCLASSVISIBILITY -O2 -Wall -W -fPIC  conftest.c >&5
configure:9314: $? = 0
configure:9314: arm-buildroot-linux-gnueabihf-gcc -c -DGCC_HASCLASSVISIBILITY -O2 -Wall -W -fPIC  conftest.c >&5
conftest.c: In function 'main':
conftest.c:60:21: error: expected expression before ')' token
 if (sizeof ((size_t)))
                     ^
configure:9314: $? = 1
configure: failed program was:
| /* confdefs.h */
| #define PACKAGE_NAME "tslib"
| #define PACKAGE_TARNAME "tslib"
| #define PACKAGE_VERSION "1.21"
| #define PACKAGE_STRING "tslib 1.21"
| #define PACKAGE_BUGREPORT "tslib@lists.infradead.org"
| #define PACKAGE_URL "http://tslib.org"
| #define PACKAGE "tslib"
| #define VERSION "1.21"
| #define STDC_HEADERS 1
| #define HAVE_SYS_TYPES_H 1
| #define HAVE_SYS_STAT_H 1
| #define HAVE_STDLIB_H 1
| #define HAVE_STRING_H 1
| #define HAVE_MEMORY_H 1
| #define HAVE_STRINGS_H 1
| #define HAVE_INTTYPES_H 1
| #define HAVE_STDINT_H 1
| #define HAVE_UNISTD_H 1
| #define HAVE_DLFCN_H 1
| #define LT_OBJDIR ".libs/"
| #define HAVE_LIBDL 1
| /* end confdefs.h.  */
| #include <stdio.h>
| #ifdef HAVE_SYS_TYPES_H
| # include <sys/types.h>
| #endif
| #ifdef HAVE_SYS_STAT_H
| # include <sys/stat.h>
| #endif
| #ifdef STDC_HEADERS
| # include <stdlib.h>
| # include <stddef.h>
| #else
| # ifdef HAVE_STDLIB_H
| #  include <stdlib.h>
| # endif
| #endif
| #ifdef HAVE_STRING_H
| # if !defined STDC_HEADERS && defined HAVE_MEMORY_H
| #  include <memory.h>
| # endif
| # include <string.h>
| #endif
| #ifdef HAVE_STRINGS_H
| # include <strings.h>
| #endif
| #ifdef HAVE_INTTYPES_H
| # include <inttypes.h>
| #endif
| #ifdef HAVE_STDINT_H
| # include <stdint.h>
| #endif
| #ifdef HAVE_UNISTD_H
| # include <unistd.h>
| #endif
| int
| main ()
| {
| if (sizeof ((size_t)))
| 	    return 0;
|   ;
|   return 0;
| }
configure:9314: result: yes
configure:9327: checking for working alloca.h
configure:9344: arm-buildroot-linux-gnueabihf-gcc -o conftest -DGCC_HASCLASSVISIBILITY -O2 -Wall -W -fPIC   conftest.c -ldl  >&5
configure:9344: $? = 0
configure:9352: result: yes
configure:9360: checking for alloca
configure:9397: arm-buildroot-linux-gnueabihf-gcc -o conftest -DGCC_HASCLASSVISIBILITY -O2 -Wall -W -fPIC   conftest.c -ldl  >&5
configure:9397: $? = 0
configure:9405: result: yes
configure:9511: checking for ANSI C header files
configure:9615: result: yes
configure:9626: checking fcntl.h usability
configure:9626: arm-buildroot-linux-gnueabihf-gcc -c -DGCC_HASCLASSVISIBILITY -O2 -Wall -W -fPIC  conftest.c >&5
configure:9626: $? = 0
configure:9626: result: yes
configure:9626: checking fcntl.h presence
configure:9626: arm-buildroot-linux-gnueabihf-gcc -E  conftest.c
configure:9626: $? = 0
configure:9626: result: yes
configure:9626: checking for fcntl.h
configure:9626: result: yes
configure:9626: checking limits.h usability
configure:9626: arm-buildroot-linux-gnueabihf-gcc -c -DGCC_HASCLASSVISIBILITY -O2 -Wall -W -fPIC  conftest.c >&5
configure:9626: $? = 0
configure:9626: result: yes
configure:9626: checking limits.h presence
configure:9626: arm-buildroot-linux-gnueabihf-gcc -E  conftest.c
configure:9626: $? = 0
configure:9626: result: yes
configure:9626: checking for limits.h
configure:9626: result: yes
configure:9626: checking for stdlib.h
configure:9626: result: yes
configure:9626: checking for string.h
configure:9626: result: yes
configure:9626: checking sys/ioctl.h usability
configure:9626: arm-buildroot-linux-gnueabihf-gcc -c -DGCC_HASCLASSVISIBILITY -O2 -Wall -W -fPIC  conftest.c >&5
configure:9626: $? = 0
configure:9626: result: yes
configure:9626: checking sys/ioctl.h presence
configure:9626: arm-buildroot-linux-gnueabihf-gcc -E  conftest.c
configure:9626: $? = 0
configure:9626: result: yes
configure:9626: checking for sys/ioctl.h
configure:9626: result: yes
configure:9626: checking sys/time.h usability
configure:9626: arm-buildroot-linux-gnueabihf-gcc -c -DGCC_HASCLASSVISIBILITY -O2 -Wall -W -fPIC  conftest.c >&5
configure:9626: $? = 0
configure:9626: result: yes
configure:9626: checking sys/time.h presence
configure:9626: arm-buildroot-linux-gnueabihf-gcc -E  conftest.c
configure:9626: $? = 0
configure:9626: result: yes
configure:9626: checking for sys/time.h
configure:9626: result: yes
configure:9626: checking for unistd.h
configure:9626: result: yes
configure:9626: checking for stdint.h
configure:9626: result: yes
configure:9626: checking for sys/types.h
configure:9626: result: yes
configure:9626: checking errno.h usability
configure:9626: arm-buildroot-linux-gnueabihf-gcc -c -DGCC_HASCLASSVISIBILITY -O2 -Wall -W -fPIC  conftest.c >&5
configure:9626: $? = 0
configure:9626: result: yes
configure:9626: checking errno.h presence
configure:9626: arm-buildroot-linux-gnueabihf-gcc -E  conftest.c
configure:9626: $? = 0
configure:9626: result: yes
configure:9626: checking for errno.h
configure:9626: result: yes
configure:9626: checking dirent.h usability
configure:9626: arm-buildroot-linux-gnueabihf-gcc -c -DGCC_HASCLASSVISIBILITY -O2 -Wall -W -fPIC  conftest.c >&5
configure:9626: $? = 0
configure:9626: result: yes
configure:9626: checking dirent.h presence
configure:9626: arm-buildroot-linux-gnueabihf-gcc -E  conftest.c
configure:9626: $? = 0
configure:9626: result: yes
configure:9626: checking for dirent.h
configure:9626: result: yes
configure:9638: checking linux/spi/cy8mrln.h usability
configure:9638: arm-buildroot-linux-gnueabihf-gcc -c -DGCC_HASCLASSVISIBILITY -O2 -Wall -W -fPIC  conftest.c >&5
conftest.c:71:10: fatal error: linux/spi/cy8mrln.h: No such file or directory
 #include <linux/spi/cy8mrln.h>
          ^~~~~~~~~~~~~~~~~~~~~
compilation terminated.
configure:9638: $? = 1
configure: failed program was:
| /* confdefs.h */
| #define PACKAGE_NAME "tslib"
| #define PACKAGE_TARNAME "tslib"
| #define PACKAGE_VERSION "1.21"
| #define PACKAGE_STRING "tslib 1.21"
| #define PACKAGE_BUGREPORT "tslib@lists.infradead.org"
| #define PACKAGE_URL "http://tslib.org"
| #define PACKAGE "tslib"
| #define VERSION "1.21"
| #define STDC_HEADERS 1
| #define HAVE_SYS_TYPES_H 1
| #define HAVE_SYS_STAT_H 1
| #define HAVE_STDLIB_H 1
| #define HAVE_STRING_H 1
| #define HAVE_MEMORY_H 1
| #define HAVE_STRINGS_H 1
| #define HAVE_INTTYPES_H 1
| #define HAVE_STDINT_H 1
| #define HAVE_UNISTD_H 1
| #define HAVE_DLFCN_H 1
| #define LT_OBJDIR ".libs/"
| #define HAVE_LIBDL 1
| #define HAVE_ALLOCA_H 1
| #define HAVE_ALLOCA 1
| #define STDC_HEADERS 1
| #define HAVE_FCNTL_H 1
| #define HAVE_LIMITS_H 1
| #define HAVE_STDLIB_H 1
| #define HAVE_STRING_H 1
| #define HAVE_SYS_IOCTL_H 1
| #define HAVE_SYS_TIME_H 1
| #define HAVE_UNISTD_H 1
| #define HAVE_STDINT_H 1
| #define HAVE_SYS_TYPES_H 1
| #define HAVE_ERRNO_H 1
| #define HAVE_DIRENT_H 1
| /* end confdefs.h.  */
| #include <stdio.h>
| #ifdef HAVE_SYS_TYPES_H
| # include <sys/types.h>
| #endif
| #ifdef HAVE_SYS_STAT_H
| # include <sys/stat.h>
| #endif
| #ifdef STDC_HEADERS
| # include <stdlib.h>
| # include <stddef.h>
| #else
| # ifdef HAVE_STDLIB_H
| #  include <stdlib.h>
| # endif
| #endif
| #ifdef HAVE_STRING_H
| # if !defined STDC_HEADERS && defined HAVE_MEMORY_H
| #  include <memory.h>
| # endif
| # include <string.h>
| #endif
| #ifdef HAVE_STRINGS_H
| # include <strings.h>
| #endif
| #ifdef HAVE_INTTYPES_H
| # include <inttypes.h>
| #endif
| #ifdef HAVE_STDINT_H
| # include <stdint.h>
| #endif
| #ifdef HAVE_UNISTD_H
| # include <unistd.h>
| #endif
| #include <linux/spi/cy8mrln.h>
configure:9638: result: no
configure:9638: checking linux/spi/cy8mrln.h presence
configure:9638: arm-buildroot-linux-gnueabihf-gcc -E  conftest.c
conftest.c:38:10: fatal error: linux/spi/cy8mrln.h: No such file or directory
 #include <linux/spi/cy8mrln.h>
          ^~~~~~~~~~~~~~~~~~~~~
compilation terminated.
configure:9638: $? = 1
configure: failed program was:
| /* confdefs.h */
| #define PACKAGE_NAME "tslib"
| #define PACKAGE_TARNAME "tslib"
| #define PACKAGE_VERSION "1.21"
| #define PACKAGE_STRING "tslib 1.21"
| #define PACKAGE_BUGREPORT "tslib@lists.infradead.org"
| #define PACKAGE_URL "http://tslib.org"
| #define PACKAGE "tslib"
| #define VERSION "1.21"
| #define STDC_HEADERS 1
| #define HAVE_SYS_TYPES_H 1
| #define HAVE_SYS_STAT_H 1
| #define HAVE_STDLIB_H 1
| #define HAVE_STRING_H 1
| #define HAVE_MEMORY_H 1
| #define HAVE_STRINGS_H 1
| #define HAVE_INTTYPES_H 1
| #define HAVE_STDINT_H 1
| #define HAVE_UNISTD_H 1
| #define HAVE_DLFCN_H 1
| #define LT_OBJDIR ".libs/"
| #define HAVE_LIBDL 1
| #define HAVE_ALLOCA_H 1
| #define HAVE_ALLOCA 1
| #define STDC_HEADERS 1
| #define HAVE_FCNTL_H 1
| #define HAVE_LIMITS_H 1
| #define HAVE_STDLIB_H 1
| #define HAVE_STRING_H 1
| #define HAVE_SYS_IOCTL_H 1
| #define HAVE_SYS_TIME_H 1
| #define HAVE_UNISTD_H 1
| #define HAVE_STDINT_H 1
| #define HAVE_SYS_TYPES_H 1
| #define HAVE_ERRNO_H 1
| #define HAVE_DIRENT_H 1
| /* end confdefs.h.  */
| #include <linux/spi/cy8mrln.h>
configure:9638: result: no
configure:9638: checking for linux/spi/cy8mrln.h
configure:9638: result: no
configure:9650: checking for an ANSI C-conforming const
configure:9716: arm-buildroot-linux-gnueabihf-gcc -c -DGCC_HASCLASSVISIBILITY -O2 -Wall -W -fPIC  conftest.c >&5
configure:9716: $? = 0
configure:9723: result: yes
configure:9731: checking for inline
configure:9747: arm-buildroot-linux-gnueabihf-gcc -c -DGCC_HASCLASSVISIBILITY -O2 -Wall -W -fPIC  conftest.c >&5
configure:9747: $? = 0
configure:9755: result: inline
configure:9773: checking for size_t
configure:9773: result: yes
configure:9784: checking for uint16_t
configure:9784: arm-buildroot-linux-gnueabihf-gcc -c -DGCC_HASCLASSVISIBILITY -O2 -Wall -W -fPIC  conftest.c >&5
configure:9784: $? = 0
configure:9784: result: yes
configure:9796: checking for uint8_t
configure:9796: arm-buildroot-linux-gnueabihf-gcc -c -DGCC_HASCLASSVISIBILITY -O2 -Wall -W -fPIC  conftest.c >&5
configure:9796: $? = 0
configure:9796: result: yes
configure:9810: checking whether time.h and sys/time.h may both be included
configure:9830: arm-buildroot-linux-gnueabihf-gcc -c -DGCC_HASCLASSVISIBILITY -O2 -Wall -W -fPIC  conftest.c >&5
configure:9830: $? = 0
configure:9837: result: yes
configure:9848: checking whether arm-buildroot-linux-gnueabihf-gcc needs -traditional
configure:9882: result: no
configure:9895: checking for stdlib.h
configure:9895: result: yes
configure:9895: checking for unistd.h
configure:9895: result: yes
configure:9895: checking for sys/param.h
configure:9895: arm-buildroot-linux-gnueabihf-gcc -c -DGCC_HASCLASSVISIBILITY -O2 -Wall -W -fPIC  conftest.c >&5
configure:9895: $? = 0
configure:9895: result: yes
configure:9915: checking for getpagesize
configure:9915: arm-buildroot-linux-gnueabihf-gcc -o conftest -DGCC_HASCLASSVISIBILITY -O2 -Wall -W -fPIC   conftest.c -ldl  >&5
configure:9915: $? = 0
configure:9915: result: yes
configure:9924: checking for working mmap
configure:10081: result: no
configure:10093: checking sys/select.h usability
configure:10093: arm-buildroot-linux-gnueabihf-gcc -c -DGCC_HASCLASSVISIBILITY -O2 -Wall -W -fPIC  conftest.c >&5
configure:10093: $? = 0
configure:10093: result: yes
configure:10093: checking sys/select.h presence
configure:10093: arm-buildroot-linux-gnueabihf-gcc -E  conftest.c
configure:10093: $? = 0
configure:10093: result: yes
configure:10093: checking for sys/select.h
configure:10093: result: yes
configure:10093: checking sys/socket.h usability
configure:10093: arm-buildroot-linux-gnueabihf-gcc -c -DGCC_HASCLASSVISIBILITY -O2 -Wall -W -fPIC  conftest.c >&5
configure:10093: $? = 0
configure:10093: result: yes
configure:10093: checking sys/socket.h presence
configure:10093: arm-buildroot-linux-gnueabihf-gcc -E  conftest.c
configure:10093: $? = 0
configure:10093: result: yes
configure:10093: checking for sys/socket.h
configure:10093: result: yes
configure:10103: checking types of arguments for select
configure:10131: arm-buildroot-linux-gnueabihf-gcc -c -DGCC_HASCLASSVISIBILITY -O2 -Wall -W -fPIC  conftest.c >&5
configure:10131: $? = 0
configure:10142: result: int,fd_set *,struct timeval *
configure:10165: checking return type of signal handlers
configure:10183: arm-buildroot-linux-gnueabihf-gcc -c -DGCC_HASCLASSVISIBILITY -O2 -Wall -W -fPIC  conftest.c >&5
conftest.c: In function 'main':
conftest.c:54:10: error: void value not ignored as it ought to be
 return *(signal (0, 0)) (0) == 1;
         ~^~~~~~~~~~~~~~~~~~
configure:10183: $? = 1
configure: failed program was:
| /* confdefs.h */
| #define PACKAGE_NAME "tslib"
| #define PACKAGE_TARNAME "tslib"
| #define PACKAGE_VERSION "1.21"
| #define PACKAGE_STRING "tslib 1.21"
| #define PACKAGE_BUGREPORT "tslib@lists.infradead.org"
| #define PACKAGE_URL "http://tslib.org"
| #define PACKAGE "tslib"
| #define VERSION "1.21"
| #define STDC_HEADERS 1
| #define HAVE_SYS_TYPES_H 1
| #define HAVE_SYS_STAT_H 1
| #define HAVE_STDLIB_H 1
| #define HAVE_STRING_H 1
| #define HAVE_MEMORY_H 1
| #define HAVE_STRINGS_H 1
| #define HAVE_INTTYPES_H 1
| #define HAVE_STDINT_H 1
| #define HAVE_UNISTD_H 1
| #define HAVE_DLFCN_H 1
| #define LT_OBJDIR ".libs/"
| #define HAVE_LIBDL 1
| #define HAVE_ALLOCA_H 1
| #define HAVE_ALLOCA 1
| #define STDC_HEADERS 1
| #define HAVE_FCNTL_H 1
| #define HAVE_LIMITS_H 1
| #define HAVE_STDLIB_H 1
| #define HAVE_STRING_H 1
| #define HAVE_SYS_IOCTL_H 1
| #define HAVE_SYS_TIME_H 1
| #define HAVE_UNISTD_H 1
| #define HAVE_STDINT_H 1
| #define HAVE_SYS_TYPES_H 1
| #define HAVE_ERRNO_H 1
| #define HAVE_DIRENT_H 1
| #define TIME_WITH_SYS_TIME 1
| #define HAVE_STDLIB_H 1
| #define HAVE_UNISTD_H 1
| #define HAVE_SYS_PARAM_H 1
| #define HAVE_GETPAGESIZE 1
| #define HAVE_SYS_SELECT_H 1
| #define HAVE_SYS_SOCKET_H 1
| #define SELECT_TYPE_ARG1 int
| #define SELECT_TYPE_ARG234 (fd_set *)
| #define SELECT_TYPE_ARG5 (struct timeval *)
| /* end confdefs.h.  */
| #include <sys/types.h>
| #include <signal.h>
| 
| int
| main ()
| {
| return *(signal (0, 0)) (0) == 1;
|   ;
|   return 0;
| }
configure:10190: result: void
configure:10198: checking whether lstat correctly handles trailing slash
configure:10241: result: no
configure:10260: checking whether stat accepts an empty string
configure:10290: result: yes
configure:10308: checking for vprintf
configure:10308: arm-buildroot-linux-gnueabihf-gcc -o conftest -DGCC_HASCLASSVISIBILITY -O2 -Wall -W -fPIC   conftest.c -ldl  >&5
conftest.c:73:6: warning: conflicting types for built-in function 'vprintf' [-Wbuiltin-declaration-mismatch]
 char vprintf ();
      ^~~~~~~
configure:10308: $? = 0
configure:10308: result: yes
configure:10314: checking for _doprnt
configure:10314: arm-buildroot-linux-gnueabihf-gcc -o conftest -DGCC_HASCLASSVISIBILITY -O2 -Wall -W -fPIC   conftest.c -ldl  >&5
/home/book/100ask_imx6ull-sdk/ToolChain/arm-buildroot-linux-gnueabihf_sdk-buildroot/bin/../lib/gcc/arm-buildroot-linux-gnueabihf/7.5.0/../../../../arm-buildroot-linux-gnueabihf/bin/ld: /tmp/cc6N0c1I.o: in function `main':
conftest.c:(.text.startup+0x4): undefined reference to `_doprnt'
collect2: error: ld returned 1 exit status
configure:10314: $? = 1
configure: failed program was:
| /* confdefs.h */
| #define PACKAGE_NAME "tslib"
| #define PACKAGE_TARNAME "tslib"
| #define PACKAGE_VERSION "1.21"
| #define PACKAGE_STRING "tslib 1.21"
| #define PACKAGE_BUGREPORT "tslib@lists.infradead.org"
| #define PACKAGE_URL "http://tslib.org"
| #define PACKAGE "tslib"
| #define VERSION "1.21"
| #define STDC_HEADERS 1
| #define HAVE_SYS_TYPES_H 1
| #define HAVE_SYS_STAT_H 1
| #define HAVE_STDLIB_H 1
| #define HAVE_STRING_H 1
| #define HAVE_MEMORY_H 1
| #define HAVE_STRINGS_H 1
| #define HAVE_INTTYPES_H 1
| #define HAVE_STDINT_H 1
| #define HAVE_UNISTD_H 1
| #define HAVE_DLFCN_H 1
| #define LT_OBJDIR ".libs/"
| #define HAVE_LIBDL 1
| #define HAVE_ALLOCA_H 1
| #define HAVE_ALLOCA 1
| #define STDC_HEADERS 1
| #define HAVE_FCNTL_H 1
| #define HAVE_LIMITS_H 1
| #define HAVE_STDLIB_H 1
| #define HAVE_STRING_H 1
| #define HAVE_SYS_IOCTL_H 1
| #define HAVE_SYS_TIME_H 1
| #define HAVE_UNISTD_H 1
| #define HAVE_STDINT_H 1
| #define HAVE_SYS_TYPES_H 1
| #define HAVE_ERRNO_H 1
| #define HAVE_DIRENT_H 1
| #define TIME_WITH_SYS_TIME 1
| #define HAVE_STDLIB_H 1
| #define HAVE_UNISTD_H 1
| #define HAVE_SYS_PARAM_H 1
| #define HAVE_GETPAGESIZE 1
| #define HAVE_SYS_SELECT_H 1
| #define HAVE_SYS_SOCKET_H 1
| #define SELECT_TYPE_ARG1 int
| #define SELECT_TYPE_ARG234 (fd_set *)
| #define SELECT_TYPE_ARG5 (struct timeval *)
| #define RETSIGTYPE void
| #define HAVE_STAT_EMPTY_STRING_BUG 1
| #define HAVE_VPRINTF 1
| /* end confdefs.h.  */
| /* Define _doprnt to an innocuous variant, in case <limits.h> declares _doprnt.
|    For example, HP-UX 11i <limits.h> declares gettimeofday.  */
| #define _doprnt innocuous__doprnt
| 
| /* System header to define __stub macros and hopefully few prototypes,
|     which can conflict with char _doprnt (); below.
|     Prefer <limits.h> to <assert.h> if __STDC__ is defined, since
|     <limits.h> exists even on freestanding compilers.  */
| 
| #ifdef __STDC__
| # include <limits.h>
| #else
| # include <assert.h>
| #endif
| 
| #undef _doprnt
| 
| /* Override any GCC internal prototype to avoid an error.
|    Use char because int might match the return type of a GCC
|    builtin and then its argument prototype would still apply.  */
| #ifdef __cplusplus
| extern "C"
| #endif
| char _doprnt ();
| /* The GNU C library defines this for functions which it implements
|     to always fail with ENOSYS.  Some functions are actually named
|     something starting with __ and the normal name is an alias.  */
| #if defined __stub__doprnt || defined __stub____doprnt
| choke me
| #endif
| 
| int
| main ()
| {
| return _doprnt ();
|   ;
|   return 0;
| }
configure:10314: result: no
configure:10328: checking for gettimeofday
configure:10328: arm-buildroot-linux-gnueabihf-gcc -o conftest -DGCC_HASCLASSVISIBILITY -O2 -Wall -W -fPIC   conftest.c -ldl  >&5
configure:10328: $? = 0
configure:10328: result: yes
configure:10328: checking for memmove
configure:10328: arm-buildroot-linux-gnueabihf-gcc -o conftest -DGCC_HASCLASSVISIBILITY -O2 -Wall -W -fPIC   conftest.c -ldl  >&5
conftest.c:75:6: warning: conflicting types for built-in function 'memmove' [-Wbuiltin-declaration-mismatch]
 char memmove ();
      ^~~~~~~
configure:10328: $? = 0
configure:10328: result: yes
configure:10328: checking for memset
configure:10328: arm-buildroot-linux-gnueabihf-gcc -o conftest -DGCC_HASCLASSVISIBILITY -O2 -Wall -W -fPIC   conftest.c -ldl  >&5
conftest.c:76:6: warning: conflicting types for built-in function 'memset' [-Wbuiltin-declaration-mismatch]
 char memset ();
      ^~~~~~
configure:10328: $? = 0
configure:10328: result: yes
configure:10328: checking for munmap
configure:10328: arm-buildroot-linux-gnueabihf-gcc -o conftest -DGCC_HASCLASSVISIBILITY -O2 -Wall -W -fPIC   conftest.c -ldl  >&5
configure:10328: $? = 0
configure:10328: result: yes
configure:10328: checking for select
configure:10328: arm-buildroot-linux-gnueabihf-gcc -o conftest -DGCC_HASCLASSVISIBILITY -O2 -Wall -W -fPIC   conftest.c -ldl  >&5
configure:10328: $? = 0
configure:10328: result: yes
configure:10328: checking for strcasecmp
configure:10328: arm-buildroot-linux-gnueabihf-gcc -o conftest -DGCC_HASCLASSVISIBILITY -O2 -Wall -W -fPIC   conftest.c -ldl  >&5
conftest.c:79:6: warning: conflicting types for built-in function 'strcasecmp' [-Wbuiltin-declaration-mismatch]
 char strcasecmp ();
      ^~~~~~~~~~
configure:10328: $? = 0
configure:10328: result: yes
configure:10328: checking for strchr
configure:10328: arm-buildroot-linux-gnueabihf-gcc -o conftest -DGCC_HASCLASSVISIBILITY -O2 -Wall -W -fPIC   conftest.c -ldl  >&5
conftest.c:80:6: warning: conflicting types for built-in function 'strchr' [-Wbuiltin-declaration-mismatch]
 char strchr ();
      ^~~~~~
configure:10328: $? = 0
configure:10328: result: yes
configure:10328: checking for strdup
configure:10328: arm-buildroot-linux-gnueabihf-gcc -o conftest -DGCC_HASCLASSVISIBILITY -O2 -Wall -W -fPIC   conftest.c -ldl  >&5
conftest.c:81:6: warning: conflicting types for built-in function 'strdup' [-Wbuiltin-declaration-mismatch]
 char strdup ();
      ^~~~~~
configure:10328: $? = 0
configure:10328: result: yes
configure:10328: checking for strtoul
configure:10328: arm-buildroot-linux-gnueabihf-gcc -o conftest -DGCC_HASCLASSVISIBILITY -O2 -Wall -W -fPIC   conftest.c -ldl  >&5
configure:10328: $? = 0
configure:10328: result: yes
configure:10328: checking for strtol
configure:10328: arm-buildroot-linux-gnueabihf-gcc -o conftest -DGCC_HASCLASSVISIBILITY -O2 -Wall -W -fPIC   conftest.c -ldl  >&5
configure:10328: $? = 0
configure:10328: result: yes
configure:10328: checking for strsep
configure:10328: arm-buildroot-linux-gnueabihf-gcc -o conftest -DGCC_HASCLASSVISIBILITY -O2 -Wall -W -fPIC   conftest.c -ldl  >&5
configure:10328: $? = 0
configure:10328: result: yes
configure:10359: checking for arm-buildroot-linux-gnueabihf-pkg-config
configure:10392: result: no
configure:10402: checking for pkg-config
configure:10420: found /usr/bin/pkg-config
configure:10432: result: /usr/bin/pkg-config
configure:10457: checking pkg-config is at least version 0.9.0
configure:10460: result: yes
configure:10470: checking whether debounce module is requested
configure:10480: result: yes
configure:10657: checking whether dejitter module is requested
configure:10667: result: yes
configure:10844: checking whether evthres module is requested
configure:10854: result: yes
configure:11031: checking whether iir module is requested
configure:11041: result: yes
configure:11218: checking whether linear module is requested
configure:11228: result: yes
configure:11405: checking whether median module is requested
configure:11415: result: yes
configure:11592: checking whether pthres module is requested
configure:11602: result: yes
configure:11779: checking whether skip module is requested
configure:11789: result: yes
configure:11966: checking whether lowpass module is requested
configure:11976: result: yes
configure:12153: checking whether invert module is requested
configure:12163: result: yes
configure:12340: checking whether variance module is requested
configure:12350: result: yes
configure:12531: checking whether input module is requested
configure:12541: result: yes
configure:12720: checking whether touchkit module is requested
configure:12730: result: yes
configure:12907: checking whether waveshare module is requested
configure:12917: result: yes
configure:13096: checking whether input-evdev module is requested
configure:13106: result: no
configure:13283: checking whether tatung module is requested
configure:13293: result: no
configure:13470: checking whether ucb1x00 module is requested
configure:13480: result: no
configure:13657: checking whether mk712 module is requested
configure:13667: result: no
configure:13844: checking whether h3600 module is requested
configure:13854: result: no
configure:14031: checking whether dmc module is requested
configure:14041: result: no
configure:14218: checking whether linear-h2200 module is requested
configure:14228: result: no
configure:14405: checking whether corgi module is requested
configure:14415: result: no
configure:14592: checking whether collie module is requested
configure:14602: result: no
configure:14779: checking whether arctic2 module is requested
configure:14789: result: no
configure:14966: checking whether dmc_dus3000 module is requested
configure:14976: result: no
configure:15153: checking whether cy8mrln-palmpre module is requested
configure:15163: result: no
configure:15340: checking whether galax module is requested
configure:15350: result: no
configure:15527: checking whether one-wire-ts-input module is requested
configure:15537: result: no
configure:15713: checking where to place modules
configure:15723: result: ${libdir}/ts
configure:15727: checking whether to enable debugging
configure:15736: result: no
configure:15754: checking whether to enable tools
configure:15771: result: yes
configure:15989: checking that generated files are newer than configure
configure:15995: result: done
configure:16274: creating ./config.status

## ---------------------- ##
## Running config.status. ##
## ---------------------- ##

This file was extended by tslib config.status 1.21, which was
generated by GNU Autoconf 2.69.  Invocation command line was

  CONFIG_FILES    = 
  CONFIG_HEADERS  = 
  CONFIG_LINKS    = 
  CONFIG_COMMANDS = 
  $ ./config.status 

on yc-virtual-machine

config.status:1277: creating Makefile
config.status:1277: creating etc/Makefile
config.status:1277: creating plugins/Makefile
config.status:1277: creating src/Makefile
config.status:1277: creating tests/Makefile
config.status:1277: creating tools/Makefile
config.status:1277: creating doc/Makefile
config.status:1277: creating tslib.pc
config.status:1277: creating config.h
config.status:1506: executing depfiles commands
config.status:1506: executing libtool commands

## ---------------- ##
## Cache variables. ##
## ---------------- ##

ac_cv_build=x86_64-pc-linux-gnu
ac_cv_c_compiler_gnu=yes
ac_cv_c_const=yes
ac_cv_c_inline=inline
ac_cv_c_uint16_t=yes
ac_cv_c_uint8_t=yes
ac_cv_env_CC_set=
ac_cv_env_CC_value=
ac_cv_env_CFLAGS_set=
ac_cv_env_CFLAGS_value=
ac_cv_env_CPPFLAGS_set=
ac_cv_env_CPPFLAGS_value=
ac_cv_env_CPP_set=
ac_cv_env_CPP_value=
ac_cv_env_LDFLAGS_set=
ac_cv_env_LDFLAGS_value=
ac_cv_env_LIBEVDEV_CFLAGS_set=
ac_cv_env_LIBEVDEV_CFLAGS_value=
ac_cv_env_LIBEVDEV_LIBS_set=
ac_cv_env_LIBEVDEV_LIBS_value=
ac_cv_env_LIBS_set=
ac_cv_env_LIBS_value=
ac_cv_env_LT_SYS_LIBRARY_PATH_set=
ac_cv_env_LT_SYS_LIBRARY_PATH_value=
ac_cv_env_PKG_CONFIG_LIBDIR_set=
ac_cv_env_PKG_CONFIG_LIBDIR_value=
ac_cv_env_PKG_CONFIG_PATH_set=
ac_cv_env_PKG_CONFIG_PATH_value=
ac_cv_env_PKG_CONFIG_set=
ac_cv_env_PKG_CONFIG_value=
ac_cv_env_build_alias_set=
ac_cv_env_build_alias_value=
ac_cv_env_host_alias_set=set
ac_cv_env_host_alias_value=arm-buildroot-linux-gnueabihf
ac_cv_env_target_alias_set=
ac_cv_env_target_alias_value=
ac_cv_func__doprnt=no
ac_cv_func_alloca_works=yes
ac_cv_func_dlopen=no
ac_cv_func_getpagesize=yes
ac_cv_func_gettimeofday=yes
ac_cv_func_lstat_dereferences_slashed_symlink=no
ac_cv_func_memmove=yes
ac_cv_func_memset=yes
ac_cv_func_mmap_fixed_mapped=no
ac_cv_func_munmap=yes
ac_cv_func_select=yes
ac_cv_func_select_args='int,fd_set *,struct timeval *'
ac_cv_func_shl_load=no
ac_cv_func_stat_empty_string_bug=yes
ac_cv_func_strcasecmp=yes
ac_cv_func_strchr=yes
ac_cv_func_strdup=yes
ac_cv_func_strsep=yes
ac_cv_func_strtol=yes
ac_cv_func_strtoul=yes
ac_cv_func_vprintf=yes
ac_cv_header_dirent_h=yes
ac_cv_header_dlfcn_h=yes
ac_cv_header_errno_h=yes
ac_cv_header_fcntl_h=yes
ac_cv_header_inttypes_h=yes
ac_cv_header_limits_h=yes
ac_cv_header_linux_spi_cy8mrln_h=no
ac_cv_header_memory_h=yes
ac_cv_header_stdc=yes
ac_cv_header_stdint_h=yes
ac_cv_header_stdlib_h=yes
ac_cv_header_string_h=yes
ac_cv_header_strings_h=yes
ac_cv_header_sys_ioctl_h=yes
ac_cv_header_sys_param_h=yes
ac_cv_header_sys_select_h=yes
ac_cv_header_sys_socket_h=yes
ac_cv_header_sys_stat_h=yes
ac_cv_header_sys_time_h=yes
ac_cv_header_sys_types_h=yes
ac_cv_header_time=yes
ac_cv_header_unistd_h=yes
ac_cv_host=arm-buildroot-linux-gnueabihf
ac_cv_lib_dl_dlopen=yes
ac_cv_lib_dld_shl_load=no
ac_cv_objext=o
ac_cv_path_EGREP='/usr/bin/grep -E'
ac_cv_path_FGREP='/usr/bin/grep -F'
ac_cv_path_GREP=/usr/bin/grep
ac_cv_path_SED=/usr/bin/sed
ac_cv_path_ac_pt_PKG_CONFIG=/usr/bin/pkg-config
ac_cv_path_install='/usr/bin/install -c'
ac_cv_path_lt_DD=/usr/bin/dd
ac_cv_path_mkdir=/usr/bin/mkdir
ac_cv_prog_AR=arm-buildroot-linux-gnueabihf-ar
ac_cv_prog_AWK=gawk
ac_cv_prog_CC=arm-buildroot-linux-gnueabihf-gcc
ac_cv_prog_CPP='arm-buildroot-linux-gnueabihf-gcc -E'
ac_cv_prog_OBJDUMP=arm-buildroot-linux-gnueabihf-objdump
ac_cv_prog_RANLIB=arm-buildroot-linux-gnueabihf-ranlib
ac_cv_prog_STRIP=arm-buildroot-linux-gnueabihf-strip
ac_cv_prog_ac_ct_MANIFEST_TOOL=mt
ac_cv_prog_cc_c89=
ac_cv_prog_cc_g=yes
ac_cv_prog_gcc_traditional=no
ac_cv_prog_make_make_set=yes
ac_cv_type_signal=void
ac_cv_type_size_t=yes
ac_cv_working_alloca_h=yes
am_cv_CC_dependencies_compiler_type=none
am_cv_make_support_nested_variables=yes
am_cv_prog_cc_c_o=yes
bb_cv_cc_supports_hidden_visibility=yes
lt_cv_ar_at_file=@
lt_cv_archive_cmds_need_lc=no
lt_cv_deplibs_check_method=pass_all
lt_cv_dlopen=dlopen
lt_cv_dlopen_libs=-ldl
lt_cv_dlopen_self=cross
lt_cv_file_magic_cmd='$MAGIC_CMD'
lt_cv_file_magic_test_file=
lt_cv_ld_reload_flag=-r
lt_cv_nm_interface='BSD nm'
lt_cv_objdir=.libs
lt_cv_path_LD=/home/book/100ask_imx6ull-sdk/ToolChain/arm-buildroot-linux-gnueabihf_sdk-buildroot/arm-buildroot-linux-gnueabihf/bin/ld
lt_cv_path_NM='/home/book/100ask_imx6ull-sdk/ToolChain/arm-buildroot-linux-gnueabihf_sdk-buildroot/bin/arm-buildroot-linux-gnueabihf-nm -B'
lt_cv_path_mainfest_tool=no
lt_cv_prog_compiler_c_o=yes
lt_cv_prog_compiler_pic='-fPIC -DPIC'
lt_cv_prog_compiler_pic_works=yes
lt_cv_prog_compiler_rtti_exceptions=no
lt_cv_prog_compiler_static_works=yes
lt_cv_prog_gnu_ld=yes
lt_cv_sharedlib_from_linklib_cmd='printf %s\n'
lt_cv_shlibpath_overrides_runpath=no
lt_cv_sys_global_symbol_pipe='sed -n -e '\''s/^.*[	 ]\([ABCDGIRSTW][ABCDGIRSTW]*\)[	 ][	 ]*\([_A-Za-z][_A-Za-z0-9]*\)$/\1 \2 \2/p'\'' | sed '\''/ __gnu_lto/d'\'''
lt_cv_sys_global_symbol_to_c_name_address='sed -n -e '\''s/^: \(.*\) .*$/  {"\1", (void *) 0},/p'\'' -e '\''s/^[ABCDGIRSTW][ABCDGIRSTW]* .* \(.*\)$/  {"\1", (void *) \&\1},/p'\'''
lt_cv_sys_global_symbol_to_c_name_address_lib_prefix='sed -n -e '\''s/^: \(.*\) .*$/  {"\1", (void *) 0},/p'\'' -e '\''s/^[ABCDGIRSTW][ABCDGIRSTW]* .* \(lib.*\)$/  {"\1", (void *) \&\1},/p'\'' -e '\''s/^[ABCDGIRSTW][ABCDGIRSTW]* .* \(.*\)$/  {"lib\1", (void *) \&\1},/p'\'''
lt_cv_sys_global_symbol_to_cdecl='sed -n -e '\''s/^T .* \(.*\)$/extern int \1();/p'\'' -e '\''s/^[ABCDGIRSTW][ABCDGIRSTW]* .* \(.*\)$/extern char \1;/p'\'''
lt_cv_sys_global_symbol_to_import=
lt_cv_sys_max_cmd_len=1572864
lt_cv_to_host_file_cmd=func_convert_file_noop
lt_cv_to_tool_file_cmd=func_convert_file_noop
lt_cv_truncate_bin='/usr/bin/dd bs=4096 count=1'

## ----------------- ##
## Output variables. ##
## ----------------- ##

ACLOCAL='${SHELL} /home/book/nfs_rootfs/code_test/11_input/02_tslib/tslib-1.21/missing aclocal-1.15'
ALLOCA=''
AMDEPBACKSLASH=''
AMDEP_FALSE=''
AMDEP_TRUE='#'
AMTAR='$${TAR-tar}'
AM_BACKSLASH='\'
AM_DEFAULT_V='$(AM_DEFAULT_VERBOSITY)'
AM_DEFAULT_VERBOSITY='0'
AM_V='$(V)'
AR='arm-buildroot-linux-gnueabihf-ar'
AUTOCONF='${SHELL} /home/book/nfs_rootfs/code_test/11_input/02_tslib/tslib-1.21/missing autoconf'
AUTOHEADER='${SHELL} /home/book/nfs_rootfs/code_test/11_input/02_tslib/tslib-1.21/missing autoheader'
AUTOMAKE='${SHELL} /home/book/nfs_rootfs/code_test/11_input/02_tslib/tslib-1.21/missing automake-1.15'
AWK='gawk'
CC='arm-buildroot-linux-gnueabihf-gcc'
CCDEPMODE='depmode=none'
CFLAGS='-DGCC_HASCLASSVISIBILITY -O2 -Wall -W -fPIC'
CPP='arm-buildroot-linux-gnueabihf-gcc -E'
CPPFLAGS=''
CYGPATH_W='echo'
DEBUGFLAGS=''
DEFS='-DHAVE_CONFIG_H'
DEPDIR='.deps'
DLLTOOL='false'
DSYMUTIL=''
DUMPBIN=''
ECHO_C=''
ECHO_N='-n'
ECHO_T=''
EGREP='/usr/bin/grep -E'
ENABLE_ARCTIC2_MODULE_FALSE=''
ENABLE_ARCTIC2_MODULE_TRUE='#'
ENABLE_COLLIE_MODULE_FALSE=''
ENABLE_COLLIE_MODULE_TRUE='#'
ENABLE_CORGI_MODULE_FALSE=''
ENABLE_CORGI_MODULE_TRUE='#'
ENABLE_CY8MRLN_PALMPRE_MODULE_FALSE=''
ENABLE_CY8MRLN_PALMPRE_MODULE_TRUE='#'
ENABLE_DEBOUNCE_MODULE_FALSE='#'
ENABLE_DEBOUNCE_MODULE_TRUE=''
ENABLE_DEJITTER_MODULE_FALSE='#'
ENABLE_DEJITTER_MODULE_TRUE=''
ENABLE_DMC_DUS3000_MODULE_FALSE=''
ENABLE_DMC_DUS3000_MODULE_TRUE='#'
ENABLE_DMC_MODULE_FALSE=''
ENABLE_DMC_MODULE_TRUE='#'
ENABLE_EVTHRES_MODULE_FALSE='#'
ENABLE_EVTHRES_MODULE_TRUE=''
ENABLE_GALAX_MODULE_FALSE=''
ENABLE_GALAX_MODULE_TRUE='#'
ENABLE_H3600_MODULE_FALSE=''
ENABLE_H3600_MODULE_TRUE='#'
ENABLE_IIR_MODULE_FALSE='#'
ENABLE_IIR_MODULE_TRUE=''
ENABLE_INPUT_EVDEV_MODULE_FALSE=''
ENABLE_INPUT_EVDEV_MODULE_TRUE='#'
ENABLE_INPUT_MODULE_FALSE='#'
ENABLE_INPUT_MODULE_TRUE=''
ENABLE_INVERT_MODULE_FALSE='#'
ENABLE_INVERT_MODULE_TRUE=''
ENABLE_LINEAR_H2200_MODULE_FALSE=''
ENABLE_LINEAR_H2200_MODULE_TRUE='#'
ENABLE_LINEAR_MODULE_FALSE='#'
ENABLE_LINEAR_MODULE_TRUE=''
ENABLE_LOWPASS_MODULE_FALSE='#'
ENABLE_LOWPASS_MODULE_TRUE=''
ENABLE_MEDIAN_MODULE_FALSE='#'
ENABLE_MEDIAN_MODULE_TRUE=''
ENABLE_MK712_MODULE_FALSE=''
ENABLE_MK712_MODULE_TRUE='#'
ENABLE_ONE_WIRE_TS_INPUT_MODULE_FALSE=''
ENABLE_ONE_WIRE_TS_INPUT_MODULE_TRUE='#'
ENABLE_PTHRES_MODULE_FALSE='#'
ENABLE_PTHRES_MODULE_TRUE=''
ENABLE_SKIP_MODULE_FALSE='#'
ENABLE_SKIP_MODULE_TRUE=''
ENABLE_STATIC_ARCTIC2_MODULE_FALSE=''
ENABLE_STATIC_ARCTIC2_MODULE_TRUE='#'
ENABLE_STATIC_COLLIE_MODULE_FALSE=''
ENABLE_STATIC_COLLIE_MODULE_TRUE='#'
ENABLE_STATIC_CORGI_MODULE_FALSE=''
ENABLE_STATIC_CORGI_MODULE_TRUE='#'
ENABLE_STATIC_CY8MRLN_PALMPRE_MODULE_FALSE=''
ENABLE_STATIC_CY8MRLN_PALMPRE_MODULE_TRUE='#'
ENABLE_STATIC_DEBOUNCE_MODULE_FALSE=''
ENABLE_STATIC_DEBOUNCE_MODULE_TRUE='#'
ENABLE_STATIC_DEJITTER_MODULE_FALSE=''
ENABLE_STATIC_DEJITTER_MODULE_TRUE='#'
ENABLE_STATIC_DMC_DUS3000_MODULE_FALSE=''
ENABLE_STATIC_DMC_DUS3000_MODULE_TRUE='#'
ENABLE_STATIC_DMC_MODULE_FALSE=''
ENABLE_STATIC_DMC_MODULE_TRUE='#'
ENABLE_STATIC_EVTHRES_MODULE_FALSE=''
ENABLE_STATIC_EVTHRES_MODULE_TRUE='#'
ENABLE_STATIC_GALAX_MODULE_FALSE=''
ENABLE_STATIC_GALAX_MODULE_TRUE='#'
ENABLE_STATIC_H3600_MODULE_FALSE=''
ENABLE_STATIC_H3600_MODULE_TRUE='#'
ENABLE_STATIC_IIR_MODULE_FALSE=''
ENABLE_STATIC_IIR_MODULE_TRUE='#'
ENABLE_STATIC_INPUT_EVDEV_MODULE_FALSE=''
ENABLE_STATIC_INPUT_EVDEV_MODULE_TRUE='#'
ENABLE_STATIC_INPUT_MODULE_FALSE=''
ENABLE_STATIC_INPUT_MODULE_TRUE='#'
ENABLE_STATIC_INVERT_MODULE_FALSE=''
ENABLE_STATIC_INVERT_MODULE_TRUE='#'
ENABLE_STATIC_LINEAR_H2200_MODULE_FALSE=''
ENABLE_STATIC_LINEAR_H2200_MODULE_TRUE='#'
ENABLE_STATIC_LINEAR_MODULE_FALSE=''
ENABLE_STATIC_LINEAR_MODULE_TRUE='#'
ENABLE_STATIC_LOWPASS_MODULE_FALSE=''
ENABLE_STATIC_LOWPASS_MODULE_TRUE='#'
ENABLE_STATIC_MEDIAN_MODULE_FALSE=''
ENABLE_STATIC_MEDIAN_MODULE_TRUE='#'
ENABLE_STATIC_MK712_MODULE_FALSE=''
ENABLE_STATIC_MK712_MODULE_TRUE='#'
ENABLE_STATIC_ONE_WIRE_TS_INPUT_MODULE_FALSE=''
ENABLE_STATIC_ONE_WIRE_TS_INPUT_MODULE_TRUE='#'
ENABLE_STATIC_PTHRES_MODULE_FALSE=''
ENABLE_STATIC_PTHRES_MODULE_TRUE='#'
ENABLE_STATIC_SKIP_MODULE_FALSE=''
ENABLE_STATIC_SKIP_MODULE_TRUE='#'
ENABLE_STATIC_TATUNG_MODULE_FALSE=''
ENABLE_STATIC_TATUNG_MODULE_TRUE='#'
ENABLE_STATIC_TOUCHKIT_MODULE_FALSE=''
ENABLE_STATIC_TOUCHKIT_MODULE_TRUE='#'
ENABLE_STATIC_UCB1X00_MODULE_FALSE=''
ENABLE_STATIC_UCB1X00_MODULE_TRUE='#'
ENABLE_STATIC_VARIANCE_MODULE_FALSE=''
ENABLE_STATIC_VARIANCE_MODULE_TRUE='#'
ENABLE_STATIC_WAVESHARE_MODULE_FALSE=''
ENABLE_STATIC_WAVESHARE_MODULE_TRUE='#'
ENABLE_TATUNG_MODULE_FALSE=''
ENABLE_TATUNG_MODULE_TRUE='#'
ENABLE_TOOLS_FALSE='#'
ENABLE_TOOLS_TRUE=''
ENABLE_TOUCHKIT_MODULE_FALSE='#'
ENABLE_TOUCHKIT_MODULE_TRUE=''
ENABLE_UCB1X00_MODULE_FALSE=''
ENABLE_UCB1X00_MODULE_TRUE='#'
ENABLE_VARIANCE_MODULE_FALSE='#'
ENABLE_VARIANCE_MODULE_TRUE=''
ENABLE_WAVESHARE_MODULE_FALSE='#'
ENABLE_WAVESHARE_MODULE_TRUE=''
EXEEXT=''
FGREP='/usr/bin/grep -F'
FREEBSD_FALSE=''
FREEBSD_TRUE='#'
GREP='/usr/bin/grep'
HAIKU_FALSE=''
HAIKU_TRUE='#'
HAVE_STRSEP_FALSE=''
HAVE_STRSEP_TRUE='#'
HURD_FALSE=''
HURD_TRUE='#'
INSTALL_DATA='${INSTALL} -m 644'
INSTALL_PROGRAM='${INSTALL}'
INSTALL_SCRIPT='${INSTALL}'
INSTALL_STRIP_PROGRAM='$(install_sh) -c -s'
LD='/home/book/100ask_imx6ull-sdk/ToolChain/arm-buildroot-linux-gnueabihf_sdk-buildroot/arm-buildroot-linux-gnueabihf/bin/ld'
LDFLAGS=''
LIBEVDEV_CFLAGS=''
LIBEVDEV_LIBS=''
LIBFLAGS='-DTSLIB_INTERNAL'
LIBOBJS=' ${LIBOBJDIR}lstat$U.o ${LIBOBJDIR}stat$U.o'
LIBS='-ldl '
LIBTOOL='$(SHELL) $(top_builddir)/libtool'
LIBTS_VERSION_AGE='$LT_AGE'
LIBTS_VERSION_CURRENT='$LT_CURRENT'
LIBTS_VERSION_REVISION='$LT_REVISION'
LINUX_FALSE='#'
LINUX_TRUE=''
LIPO=''
LN_S='ln -s'
LTLIBOBJS=' ${LIBOBJDIR}lstat$U.lo ${LIBOBJDIR}stat$U.lo'
LT_AGE='10'
LT_CURRENT='10'
LT_REVISION='3'
LT_SYS_LIBRARY_PATH=''
MAKEINFO='${SHELL} /home/book/nfs_rootfs/code_test/11_input/02_tslib/tslib-1.21/missing makeinfo'
MANIFEST_TOOL=':'
MKDIR_P='/usr/bin/mkdir -p'
NM='/home/book/100ask_imx6ull-sdk/ToolChain/arm-buildroot-linux-gnueabihf_sdk-buildroot/bin/arm-buildroot-linux-gnueabihf-nm -B'
NMEDIT=''
OBJDUMP='arm-buildroot-linux-gnueabihf-objdump'
OBJEXT='o'
OTOOL64=''
OTOOL=''
PACKAGE='tslib'
PACKAGE_BUGREPORT='tslib@lists.infradead.org'
PACKAGE_DESCRIPTION='Touchscreen Access Library'
PACKAGE_NAME='tslib'
PACKAGE_STRING='tslib 1.21'
PACKAGE_TARNAME='tslib'
PACKAGE_URL='http://tslib.org'
PACKAGE_VERSION='1.21'
PATH_SEPARATOR=':'
PKG_CONFIG='/usr/bin/pkg-config'
PKG_CONFIG_LIBDIR=''
PKG_CONFIG_PATH=''
PLUGIN_DIR='${libdir}/ts'
RANLIB='arm-buildroot-linux-gnueabihf-ranlib'
SDL_FALSE=''
SDL_TRUE='#'
SED='/usr/bin/sed'
SET_MAKE=''
SHELL='/bin/bash'
STRIP='arm-buildroot-linux-gnueabihf-strip'
TS_CONF='${sysconfdir}/ts.conf'
TS_POINTERCAL='${sysconfdir}/pointercal'
VERSION='1.21'
VIS_CFLAGS='-fvisibility=hidden'
WINDOWS_FALSE=''
WINDOWS_TRUE='#'
ac_ct_AR=''
ac_ct_CC=''
ac_ct_DUMPBIN=''
am__EXEEXT_FALSE=''
am__EXEEXT_TRUE='#'
am__fastdepCC_FALSE=''
am__fastdepCC_TRUE='#'
am__include='include'
am__isrc=''
am__leading_dot='.'
am__nodep=''
am__quote=''
am__tar='$${TAR-tar} chof - "$$tardir"'
am__untar='$${TAR-tar} xf -'
bindir='${exec_prefix}/bin'
build='x86_64-pc-linux-gnu'
build_alias=''
build_cpu='x86_64'
build_os='linux-gnu'
build_vendor='pc'
datadir='${datarootdir}'
datarootdir='${prefix}/share'
docdir='${datarootdir}/doc/${PACKAGE_TARNAME}'
dvidir='${docdir}'
exec_prefix='${prefix}'
host='arm-buildroot-linux-gnueabihf'
host_alias='arm-buildroot-linux-gnueabihf'
host_cpu='arm'
host_os='linux-gnueabihf'
host_vendor='buildroot'
htmldir='${docdir}'
includedir='${prefix}/include'
infodir='${datarootdir}/info'
install_sh='${SHELL} /home/book/nfs_rootfs/code_test/11_input/02_tslib/tslib-1.21/install-sh'
libdir='${exec_prefix}/lib'
libexecdir='${exec_prefix}/libexec'
localedir='${datarootdir}/locale'
localstatedir='${prefix}/var'
mandir='${datarootdir}/man'
mkdir_p='$(MKDIR_P)'
oldincludedir='/usr/include'
pdfdir='${docdir}'
prefix='/'
program_transform_name='s,x,x,'
psdir='${docdir}'
runstatedir='${localstatedir}/run'
sbindir='${exec_prefix}/sbin'
sharedstatedir='${prefix}/com'
sysconfdir='${prefix}/etc'
target_alias=''

## ----------- ##
## confdefs.h. ##
## ----------- ##

/* confdefs.h */
#define PACKAGE_NAME "tslib"
#define PACKAGE_TARNAME "tslib"
#define PACKAGE_VERSION "1.21"
#define PACKAGE_STRING "tslib 1.21"
#define PACKAGE_BUGREPORT "tslib@lists.infradead.org"
#define PACKAGE_URL "http://tslib.org"
#define PACKAGE "tslib"
#define VERSION "1.21"
#define STDC_HEADERS 1
#define HAVE_SYS_TYPES_H 1
#define HAVE_SYS_STAT_H 1
#define HAVE_STDLIB_H 1
#define HAVE_STRING_H 1
#define HAVE_MEMORY_H 1
#define HAVE_STRINGS_H 1
#define HAVE_INTTYPES_H 1
#define HAVE_STDINT_H 1
#define HAVE_UNISTD_H 1
#define HAVE_DLFCN_H 1
#define LT_OBJDIR ".libs/"
#define HAVE_LIBDL 1
#define HAVE_ALLOCA_H 1
#define HAVE_ALLOCA 1
#define STDC_HEADERS 1
#define HAVE_FCNTL_H 1
#define HAVE_LIMITS_H 1
#define HAVE_STDLIB_H 1
#define HAVE_STRING_H 1
#define HAVE_SYS_IOCTL_H 1
#define HAVE_SYS_TIME_H 1
#define HAVE_UNISTD_H 1
#define HAVE_STDINT_H 1
#define HAVE_SYS_TYPES_H 1
#define HAVE_ERRNO_H 1
#define HAVE_DIRENT_H 1
#define TIME_WITH_SYS_TIME 1
#define HAVE_STDLIB_H 1
#define HAVE_UNISTD_H 1
#define HAVE_SYS_PARAM_H 1
#define HAVE_GETPAGESIZE 1
#define HAVE_SYS_SELECT_H 1
#define HAVE_SYS_SOCKET_H 1
#define SELECT_TYPE_ARG1 int
#define SELECT_TYPE_ARG234 (fd_set *)
#define SELECT_TYPE_ARG5 (struct timeval *)
#define RETSIGTYPE void
#define HAVE_STAT_EMPTY_STRING_BUG 1
#define HAVE_VPRINTF 1
#define HAVE_GETTIMEOFDAY 1
#define HAVE_MEMMOVE 1
#define HAVE_MEMSET 1
#define HAVE_MUNMAP 1
#define HAVE_SELECT 1
#define HAVE_STRCASECMP 1
#define HAVE_STRCHR 1
#define HAVE_STRDUP 1
#define HAVE_STRTOUL 1
#define HAVE_STRTOL 1
#define HAVE_STRSEP 1
#define LIBTS_VERSION_CURRENT 10
#define LIBTS_VERSION_REVISION 3
#define LIBTS_VERSION_AGE 10

configure: exit 0
